make: Entering directory '/home/h233/src/android/android-5.0.2'
============================================
PLATFORM_VERSION_CODENAME=REL
PLATFORM_VERSION=5.0.2
TARGET_PRODUCT=full_tiny4412
TARGET_BUILD_VARIANT=eng
TARGET_BUILD_TYPE=release
TARGET_BUILD_APPS=
TARGET_ARCH=arm
TARGET_ARCH_VARIANT=armv7-a-neon
TARGET_CPU_VARIANT=cortex-a9
TARGET_2ND_ARCH=
TARGET_2ND_ARCH_VARIANT=
TARGET_2ND_CPU_VARIANT=
HOST_ARCH=x86_64
HOST_OS=linux
HOST_OS_EXTRA=Linux-4.13.0-36-generic-x86_64-with-Ubuntu-16.04-xenial
HOST_BUILD_TYPE=release
BUILD_ID=LRX22G
OUT_DIR=out
============================================
target thumb C: bctest <= frameworks/native/cmds/servicemanager/./binder.c
prebuilts/gcc/linux-x86/arm/arm-linux-androideabi-4.8/bin/arm-linux-androideabi-gcc -I frameworks/native/cmds/servicemanager/. -I out/target/product/tiny4412/obj/EXECUTABLES/bctest_intermediates -I out/target/product/tiny4412/gen/EXECUTABLES/bctest_intermediates -I libnativehelper/include/nativehelper  -isystem system/core/include -isystem hardware/libhardware/include -isystem hardware/libhardware_legacy/include -isystem hardware/ril/include -isystem libnativehelper/include -isystem frameworks/native/include -isystem frameworks/native/opengl/include -isystem frameworks/av/include -isystem frameworks/base/include -isystem out/target/product/tiny4412/obj/include -isystem bionic/libc/arch-arm/include -isystem bionic/libc/include -isystem bionic/libstdc++/include -isystem bionic/libc/kernel/uapi -isystem bionic/libc/kernel/uapi/asm-arm -isystem bionic/libm/include -isystem bionic/libm/include/arm -c  -fno-exceptions -Wno-multichar -msoft-float -ffunction-sections -fdata-sections -funwind-tables -fstack-protector -Wa,--noexecstack -Werror=format-security -D_FORTIFY_SOURCE=2 -fno-short-enums -no-canonical-prefixes -fno-canonical-system-headers -march=armv7-a -mfloat-abi=softfp -mfpu=neon -include build/core/combo/include/arch/linux-arm/AndroidConfig.h -I build/core/combo/include/arch/linux-arm/ -fno-builtin-sin -fno-strict-volatile-bitfields -Wno-psabi -mthumb-interwork -DANDROID -fmessage-length=0 -W -Wall -Wno-unused -Winit-self -Wpointer-arith -DEXYNOS4_ENHANCEMENTS=1 -DEXYNOS4X12_ENHANCEMENTS=1 -DSEC_HWJPEG_G2D -DFORCE_SCREENSHOT_CPU_PATH -DHAVE_ISO -DSAMSUNG_CAMERA_HARDWARE -DSAMSUNG_DVFS -DEXYNOS4_ENHANCEMENTS=1 -DEXYNOS4X12_ENHANCEMENTS=1 -DSEC_HWJPEG_G2D -DFORCE_SCREENSHOT_CPU_PATH -DHAVE_ISO -DSAMSUNG_CAMERA_HARDWARE -DSAMSUNG_DVFS -Werror=return-type -Werror=non-virtual-dtor -Werror=address -Werror=sequence-point -DNDEBUG -g -Wstrict-aliasing=2 -fgcse-after-reload -frerun-cse-after-loop -frename-registers -DNDEBUG -UDEBUG -mthumb -Os -fomit-frame-pointer -fno-strict-aliasing   -Wall -Wextra -DBINDER_IPC_32BIT=1 -fpie   -MD -MF out/target/product/tiny4412/obj/EXECUTABLES/bctest_intermediates/binder.d -o out/target/product/tiny4412/obj/EXECUTABLES/bctest_intermediates/binder.o frameworks/native/cmds/servicemanager/./binder.c
cp out/target/product/tiny4412/obj/EXECUTABLES/bctest_intermediates/binder.d out/target/product/tiny4412/obj/EXECUTABLES/bctest_intermediates/binder.P; sed -e 's/#.*//' -e 's/^[^:]*: *//' -e 's/ *\\$//' -e '/^$/ d' -e 's/$/ :/' < out/target/product/tiny4412/obj/EXECUTABLES/bctest_intermediates/binder.d >> out/target/product/tiny4412/obj/EXECUTABLES/bctest_intermediates/binder.P; rm -f out/target/product/tiny4412/obj/EXECUTABLES/bctest_intermediates/binder.d
target Executable: bctest (out/target/product/tiny4412/obj/EXECUTABLES/bctest_intermediates/LINKED/bctest)
prebuilts/gcc/linux-x86/arm/arm-linux-androideabi-4.8/bin/arm-linux-androideabi-g++ -nostdlib -Bdynamic -pie -Wl,-dynamic-linker,/system/bin/linker -Wl,--gc-sections -Wl,-z,nocopyreloc  -Lout/target/product/tiny4412/obj/lib -Wl,-rpath-link=out/target/product/tiny4412/obj/lib out/target/product/tiny4412/obj/lib/crtbegin_dynamic.o         out/target/product/tiny4412/obj/EXECUTABLES/bctest_intermediates/bctest.o out/target/product/tiny4412/obj/EXECUTABLES/bctest_intermediates/binder.o        -Wl,--whole-archive   -Wl,--no-whole-archive   out/target/product/tiny4412/obj/STATIC_LIBRARIES/libcompiler_rt-extras_intermediates/libcompiler_rt-extras.a   -lc -llog -lm -lstdc++  -o out/target/product/tiny4412/obj/EXECUTABLES/bctest_intermediates/LINKED/bctest  -Wl,-z,noexecstack -Wl,-z,relro -Wl,-z,now -Wl,--warn-shared-textrel -Wl,--fatal-warnings -Wl,--icf=safe -Wl,--fix-cortex-a8    -Wl,--no-undefined prebuilts/gcc/linux-x86/arm/arm-linux-androideabi-4.8/bin/../lib/gcc/arm-linux-androideabi/4.8/../../../../arm-linux-androideabi/lib/armv7-a/libatomic.a prebuilts/gcc/linux-x86/arm/arm-linux-androideabi-4.8/bin/../lib/gcc/arm-linux-androideabi/4.8/armv7-a/libgcc.a out/target/product/tiny4412/obj/lib/crtend_android.o 
target Symbolic: bctest (out/target/product/tiny4412/symbols/system/bin/bctest)
out/host/linux-x86/bin/acp -fp out/target/product/tiny4412/obj/EXECUTABLES/bctest_intermediates/LINKED/bctest out/target/product/tiny4412/symbols/system/bin/bctest
target Strip: bctest (out/target/product/tiny4412/obj/EXECUTABLES/bctest_intermediates/bctest)
prebuilts/gcc/linux-x86/arm/arm-linux-androideabi-4.8/bin/arm-linux-androideabi-strip --strip-all out/target/product/tiny4412/symbols/system/bin/bctest -o out/target/product/tiny4412/obj/EXECUTABLES/bctest_intermediates/bctest && prebuilts/gcc/linux-x86/arm/arm-linux-androideabi-4.8/bin/arm-linux-androideabi-objcopy --add-gnu-debuglink=out/target/product/tiny4412/symbols/system/bin/bctest out/target/product/tiny4412/obj/EXECUTABLES/bctest_intermediates/bctest
Install: out/target/product/tiny4412/system/bin/bctest
out/host/linux-x86/bin/acp -fp out/target/product/tiny4412/obj/EXECUTABLES/bctest_intermediates/bctest out/target/product/tiny4412/system/bin/bctest
target thumb C: servicemanager <= frameworks/native/cmds/servicemanager/./binder.c
prebuilts/gcc/linux-x86/arm/arm-linux-androideabi-4.8/bin/arm-linux-androideabi-gcc -I frameworks/native/cmds/servicemanager/. -I out/target/product/tiny4412/obj/EXECUTABLES/servicemanager_intermediates -I out/target/product/tiny4412/gen/EXECUTABLES/servicemanager_intermediates -I libnativehelper/include/nativehelper  -isystem system/core/include -isystem hardware/libhardware/include -isystem hardware/libhardware_legacy/include -isystem hardware/ril/include -isystem libnativehelper/include -isystem frameworks/native/include -isystem frameworks/native/opengl/include -isystem frameworks/av/include -isystem frameworks/base/include -isystem out/target/product/tiny4412/obj/include -isystem bionic/libc/arch-arm/include -isystem bionic/libc/include -isystem bionic/libstdc++/include -isystem bionic/libc/kernel/uapi -isystem bionic/libc/kernel/uapi/asm-arm -isystem bionic/libm/include -isystem bionic/libm/include/arm -c  -fno-exceptions -Wno-multichar -msoft-float -ffunction-sections -fdata-sections -funwind-tables -fstack-protector -Wa,--noexecstack -Werror=format-security -D_FORTIFY_SOURCE=2 -fno-short-enums -no-canonical-prefixes -fno-canonical-system-headers -march=armv7-a -mfloat-abi=softfp -mfpu=neon -include build/core/combo/include/arch/linux-arm/AndroidConfig.h -I build/core/combo/include/arch/linux-arm/ -fno-builtin-sin -fno-strict-volatile-bitfields -Wno-psabi -mthumb-interwork -DANDROID -fmessage-length=0 -W -Wall -Wno-unused -Winit-self -Wpointer-arith -DEXYNOS4_ENHANCEMENTS=1 -DEXYNOS4X12_ENHANCEMENTS=1 -DSEC_HWJPEG_G2D -DFORCE_SCREENSHOT_CPU_PATH -DHAVE_ISO -DSAMSUNG_CAMERA_HARDWARE -DSAMSUNG_DVFS -DEXYNOS4_ENHANCEMENTS=1 -DEXYNOS4X12_ENHANCEMENTS=1 -DSEC_HWJPEG_G2D -DFORCE_SCREENSHOT_CPU_PATH -DHAVE_ISO -DSAMSUNG_CAMERA_HARDWARE -DSAMSUNG_DVFS -Werror=return-type -Werror=non-virtual-dtor -Werror=address -Werror=sequence-point -DNDEBUG -g -Wstrict-aliasing=2 -fgcse-after-reload -frerun-cse-after-loop -frename-registers -DNDEBUG -UDEBUG -mthumb -Os -fomit-frame-pointer -fno-strict-aliasing   -Wall -Wextra -DBINDER_IPC_32BIT=1 -fpie   -MD -MF out/target/product/tiny4412/obj/EXECUTABLES/servicemanager_intermediates/binder.d -o out/target/product/tiny4412/obj/EXECUTABLES/servicemanager_intermediates/binder.o frameworks/native/cmds/servicemanager/./binder.c
cp out/target/product/tiny4412/obj/EXECUTABLES/servicemanager_intermediates/binder.d out/target/product/tiny4412/obj/EXECUTABLES/servicemanager_intermediates/binder.P; sed -e 's/#.*//' -e 's/^[^:]*: *//' -e 's/ *\\$//' -e '/^$/ d' -e 's/$/ :/' < out/target/product/tiny4412/obj/EXECUTABLES/servicemanager_intermediates/binder.d >> out/target/product/tiny4412/obj/EXECUTABLES/servicemanager_intermediates/binder.P; rm -f out/target/product/tiny4412/obj/EXECUTABLES/servicemanager_intermediates/binder.d
target Executable: servicemanager (out/target/product/tiny4412/obj/EXECUTABLES/servicemanager_intermediates/LINKED/servicemanager)
prebuilts/gcc/linux-x86/arm/arm-linux-androideabi-4.8/bin/arm-linux-androideabi-g++ -nostdlib -Bdynamic -pie -Wl,-dynamic-linker,/system/bin/linker -Wl,--gc-sections -Wl,-z,nocopyreloc  -Lout/target/product/tiny4412/obj/lib -Wl,-rpath-link=out/target/product/tiny4412/obj/lib out/target/product/tiny4412/obj/lib/crtbegin_dynamic.o         out/target/product/tiny4412/obj/EXECUTABLES/servicemanager_intermediates/service_manager.o out/target/product/tiny4412/obj/EXECUTABLES/servicemanager_intermediates/binder.o        -Wl,--whole-archive   -Wl,--no-whole-archive   out/target/product/tiny4412/obj/STATIC_LIBRARIES/libcompiler_rt-extras_intermediates/libcompiler_rt-extras.a   -lc -llog -lm -lselinux -lstdc++  -o out/target/product/tiny4412/obj/EXECUTABLES/servicemanager_intermediates/LINKED/servicemanager  -Wl,-z,noexecstack -Wl,-z,relro -Wl,-z,now -Wl,--warn-shared-textrel -Wl,--fatal-warnings -Wl,--icf=safe -Wl,--fix-cortex-a8    -Wl,--no-undefined prebuilts/gcc/linux-x86/arm/arm-linux-androideabi-4.8/bin/../lib/gcc/arm-linux-androideabi/4.8/../../../../arm-linux-androideabi/lib/armv7-a/libatomic.a prebuilts/gcc/linux-x86/arm/arm-linux-androideabi-4.8/bin/../lib/gcc/arm-linux-androideabi/4.8/armv7-a/libgcc.a out/target/product/tiny4412/obj/lib/crtend_android.o 
target Symbolic: servicemanager (out/target/product/tiny4412/symbols/system/bin/servicemanager)
out/host/linux-x86/bin/acp -fp out/target/product/tiny4412/obj/EXECUTABLES/servicemanager_intermediates/LINKED/servicemanager out/target/product/tiny4412/symbols/system/bin/servicemanager
target Strip: servicemanager (out/target/product/tiny4412/obj/EXECUTABLES/servicemanager_intermediates/servicemanager)
prebuilts/gcc/linux-x86/arm/arm-linux-androideabi-4.8/bin/arm-linux-androideabi-strip --strip-all out/target/product/tiny4412/symbols/system/bin/servicemanager -o out/target/product/tiny4412/obj/EXECUTABLES/servicemanager_intermediates/servicemanager && prebuilts/gcc/linux-x86/arm/arm-linux-androideabi-4.8/bin/arm-linux-androideabi-objcopy --add-gnu-debuglink=out/target/product/tiny4412/symbols/system/bin/servicemanager out/target/product/tiny4412/obj/EXECUTABLES/servicemanager_intermediates/servicemanager
Install: out/target/product/tiny4412/system/bin/servicemanager
out/host/linux-x86/bin/acp -fp out/target/product/tiny4412/obj/EXECUTABLES/servicemanager_intermediates/servicemanager out/target/product/tiny4412/system/bin/servicemanager
make: Leaving directory '/home/h233/src/android/android-5.0.2'

#### make completed successfully (1 seconds) ####

